Using pre-set license
Built from '2022.3/staging' branch; Version is '2022.3.10f1 (ff3792e53c62) revision 16725906'; Using compiler version '192829333'; Build Type 'Release'
OS: 'Windows 11  (10.0.22631) 64bit Professional' Language: 'en' Physical Memory: 15775 MB
BatchMode: 1, IsHumanControllingUs: 0, StartBugReporterOnCrash: 0, Is64bit: 1, IsPro: 1

COMMAND LINE ARGUMENTS:
C:\Program Files\Unity\Hub\Editor\2022.3.10f1\Editor\Unity.exe
-adb2
-batchMode
-noUpm
-name
AssetImportWorker1
-projectPath
C:/Users/olire/ConstructionSiteAssistant/Construction Site Assistant
-logFile
Logs/AssetImportWorker1.log
-srvPort
55327
Successfully changed project path to: C:/Users/olire/ConstructionSiteAssistant/Construction Site Assistant
C:/Users/olire/ConstructionSiteAssistant/Construction Site Assistant
[UnityMemory] Configuration Parameters - Can be set up in boot.config
    "memorysetup-bucket-allocator-granularity=16"
    "memorysetup-bucket-allocator-bucket-count=8"
    "memorysetup-bucket-allocator-block-size=33554432"
    "memorysetup-bucket-allocator-block-count=8"
    "memorysetup-main-allocator-block-size=16777216"
    "memorysetup-thread-allocator-block-size=16777216"
    "memorysetup-gfx-main-allocator-block-size=16777216"
    "memorysetup-gfx-thread-allocator-block-size=16777216"
    "memorysetup-cache-allocator-block-size=4194304"
    "memorysetup-typetree-allocator-block-size=2097152"
    "memorysetup-profiler-bucket-allocator-granularity=16"
    "memorysetup-profiler-bucket-allocator-bucket-count=8"
    "memorysetup-profiler-bucket-allocator-block-size=33554432"
    "memorysetup-profiler-bucket-allocator-block-count=8"
    "memorysetup-profiler-allocator-block-size=16777216"
    "memorysetup-profiler-editor-allocator-block-size=1048576"
    "memorysetup-temp-allocator-size-main=16777216"
    "memorysetup-job-temp-allocator-block-size=2097152"
    "memorysetup-job-temp-allocator-block-size-background=1048576"
    "memorysetup-job-temp-allocator-reduction-small-platforms=262144"
    "memorysetup-allocator-temp-initial-block-size-main=262144"
    "memorysetup-allocator-temp-initial-block-size-worker=262144"
    "memorysetup-temp-allocator-size-background-worker=32768"
    "memorysetup-temp-allocator-size-job-worker=262144"
    "memorysetup-temp-allocator-size-preload-manager=33554432"
    "memorysetup-temp-allocator-size-nav-mesh-worker=65536"
    "memorysetup-temp-allocator-size-audio-worker=65536"
    "memorysetup-temp-allocator-size-cloud-worker=32768"
    "memorysetup-temp-allocator-size-gi-baking-worker=262144"
    "memorysetup-temp-allocator-size-gfx=262144"
Player connection [25916] Host "[IP] 192.168.54.138 [Port] 0 [Flags] 2 [Guid] 4256052223 [EditorId] 4256052223 [Version] 1048832 [Id] WindowsEditor(7,LAPTOP-NKFEF679) [Debug] 1 [PackageName] WindowsEditor [ProjectName] Editor" joined multi-casting on [225.0.0.222:54997]...

Player connection [25916] Host "[IP] 192.168.54.138 [Port] 0 [Flags] 2 [Guid] 4256052223 [EditorId] 4256052223 [Version] 1048832 [Id] WindowsEditor(7,LAPTOP-NKFEF679) [Debug] 1 [PackageName] WindowsEditor [ProjectName] Editor" joined alternative multi-casting on [225.0.0.222:34997]...

[Physics::Module] Initialized MultithreadedJobDispatcher with 15 workers.
Refreshing native plugins compatible for Editor in 45.24 ms, found 14 plugins.
Preloading 1 native plugins for Editor in 0.74 ms.
Initialize engine version: 2022.3.10f1 (ff3792e53c62)
[Subsystems] Discovering subsystems at path C:/Program Files/Unity/Hub/Editor/2022.3.10f1/Editor/Data/Resources/UnitySubsystems
[Subsystems] Discovering subsystems at path C:/Users/olire/ConstructionSiteAssistant/Construction Site Assistant/Assets
GfxDevice: creating device client; threaded=0; jobified=0
Direct3D:
    Version:  Direct3D 11.0 [level 11.1]
    Renderer: NVIDIA GeForce RTX 3060 Laptop GPU (ID=0x2520)
    Vendor:   NVIDIA
    VRAM:     6010 MB
    Driver:   31.0.15.4601
Shader 'Oculus/OVRMRCameraFrameLit': fallback shader 'Alpha-Diffuse' not found
Initialize mono
Mono path[0] = 'C:/Program Files/Unity/Hub/Editor/2022.3.10f1/Editor/Data/Managed'
Mono path[1] = 'C:/Program Files/Unity/Hub/Editor/2022.3.10f1/Editor/Data/MonoBleedingEdge/lib/mono/unityjit-win32'
Mono config path = 'C:/Program Files/Unity/Hub/Editor/2022.3.10f1/Editor/Data/MonoBleedingEdge/etc'
Using monoOptions --debugger-agent=transport=dt_socket,embedding=1,server=y,suspend=n,address=127.0.0.1:56820
Begin MonoManager ReloadAssembly
Registering precompiled unity dll's ...
Register platform support module: C:/Program Files/Unity/Hub/Editor/2022.3.10f1/Editor/Data/PlaybackEngines/AndroidPlayer/UnityEditor.Android.Extensions.dll
Register platform support module: C:/Program Files/Unity/Hub/Editor/2022.3.10f1/Editor/Data/PlaybackEngines/WindowsStandaloneSupport/UnityEditor.WindowsStandalone.Extensions.dll
Registered in 0.026575 seconds.
- Loaded All Assemblies, in  0.695 seconds
Native extension for WindowsStandalone target not found
Native extension for Android target not found
Unauthorized device detected, Id: 1WMHHB61TR2017, please add debug authorization and reconnect.
UnityEngine.StackTraceUtility:ExtractStackTrace ()
UnityEngine.DebugLogHandler:LogFormat (UnityEngine.LogType,UnityEngine.Object,string,object[])
UnityEngine.Logger:LogFormat (UnityEngine.LogType,string,object[])
UnityEngine.Debug:LogFormat (string,object[])
UnityEditor.Android.AndroidDeploymentTargetsExtension:GetKnownTargets (UnityEditor.DeploymentTargets.IDeploymentTargetsMainThreadContext,UnityEditor.ProgressHandler)
UnityEditor.Android.TargetScanWorker:ScanSync ()
UnityEditor.Android.TargetExtension:OnUsbDevicesChanged (UnityEditor.Hardware.UsbDevice[])
UnityEditor.Android.TargetExtension:OnLoad ()
UnityEditor.Modules.ModuleManager:InitializePlatformSupportModules ()

Android Extension - Scanning For ADB Devices 5420 ms
Mono: successfully reloaded assembly
- Finished resetting the current domain, in  6.010 seconds
Domain Reload Profiling: 6707ms
	BeginReloadAssembly (211ms)
		ExecutionOrderSort (0ms)
		DisableScriptedObjects (0ms)
		BackupInstance (0ms)
		ReleaseScriptingObjects (1ms)
		CreateAndSetChildDomain (7ms)
	RebuildCommonClasses (63ms)
	RebuildNativeTypeToScriptingClass (15ms)
	initialDomainReloadingComplete (107ms)
	LoadAllAssembliesAndSetupDomain (300ms)
		LoadAssemblies (196ms)
		RebuildTransferFunctionScriptingTraits (0ms)
		AnalyzeDomain (293ms)
			TypeCache.Refresh (278ms)
				TypeCache.ScanAssembly (248ms)
			ScanForSourceGeneratedMonoScriptInfo (1ms)
			ResolveRequiredComponents (1ms)
	FinalizeReload (6011ms)
		ReleaseScriptCaches (0ms)
		RebuildScriptCaches (0ms)
		SetupLoadedEditorAssemblies (5887ms)
			LogAssemblyErrors (0ms)
			InitializePlatformSupportModulesInManaged (5677ms)
			SetLoadedEditorAssemblies (8ms)
			RefreshPlugins (0ms)
			BeforeProcessingInitializeOnLoad (3ms)
			ProcessInitializeOnLoadAttributes (136ms)
			ProcessInitializeOnLoadMethodAttributes (63ms)
			AfterProcessingInitializeOnLoad (0ms)
			EditorAssembliesLoaded (0ms)
		ExecutionOrderSort2 (0ms)
		AwakeInstancesAfterBackupRestoration (0ms)
========================================================================
Worker process is ready to serve import requests
Begin MonoManager ReloadAssembly
- Loaded All Assemblies, in  1.062 seconds
Refreshing native plugins compatible for Editor in 42.64 ms, found 14 plugins.
Native extension for WindowsStandalone target not found
Native extension for Android target not found
Package Manager log level set to [2]
[Package Manager] Server::EnsureServerProcessIsRunning -- launch failed, reason: Unity was launched with the -noUpm command-line argument
[Package Manager] UpmClient::Send -- Unable to send message (not connected to UPM process).
[Package Manager] Cannot connect to Unity Package Manager local server
[Package Manager] Server::EnsureServerProcessIsRunning -- launch failed, reason: Unity was launched with the -noUpm command-line argument
[Package Manager] UpmClient::Send -- Unable to send message (not connected to UPM process).
[Package Manager] Cannot connect to Unity Package Manager local server
[Package Manager] Server::EnsureServerProcessIsRunning -- launch failed, reason: Unity was launched with the -noUpm command-line argument
[Package Manager] UpmClient::Send -- Unable to send message (not connected to UPM process).
[Package Manager] Cannot connect to Unity Package Manager local server
System.Reflection.TargetInvocationException: Exception has been thrown by the target of an invocation. ---> System.NullReferenceException: Object reference not set to an instance of an object
  at Unity.XR.Oculus.OculusLoader.AssetPathToAbsolutePath (System.String assetPath) [0x00040] in .\Library\PackageCache\com.unity.xr.oculus@4.0.0\Runtime\OculusLoader.cs:282 
  at Unity.XR.Oculus.OculusLoader.EditorLoadOVRPlugin () [0x0007b] in .\Library\PackageCache\com.unity.xr.oculus@4.0.0\Runtime\OculusLoader.cs:267 
  at (wrapper managed-to-native) System.Reflection.RuntimeMethodInfo.InternalInvoke(System.Reflection.RuntimeMethodInfo,object,object[],System.Exception&)
  at System.Reflection.RuntimeMethodInfo.Invoke (System.Object obj, System.Reflection.BindingFlags invokeAttr, System.Reflection.Binder binder, System.Object[] parameters, System.Globalization.CultureInfo culture) [0x0006a] in <787acc3c9a4c471ba7d971300105af24>:0 
   --- End of inner exception stack trace ---
  at System.Reflection.RuntimeMethodInfo.Invoke (System.Object obj, System.Reflection.BindingFlags invokeAttr, System.Reflection.Binder binder, System.Object[] parameters, System.Globalization.CultureInfo culture) [0x00083] in <787acc3c9a4c471ba7d971300105af24>:0 
  at System.Reflection.MethodBase.Invoke (System.Object obj, System.Object[] parameters) [0x00000] in <787acc3c9a4c471ba7d971300105af24>:0 
  at UnityEditor.EditorAssemblies.ProcessInitializeOnLoadMethodAttributes () [0x000a5] in <fe7039efe678478d9c83e73bc6a6566d>:0 
UnityEngine.StackTraceUtility:ExtractStackTrace ()
UnityEngine.DebugLogHandler:LogFormat (UnityEngine.LogType,UnityEngine.Object,string,object[])
UnityEngine.Logger:Log (UnityEngine.LogType,object)
UnityEngine.Debug:LogError (object)
UnityEditor.EditorAssemblies:ProcessInitializeOnLoadMethodAttributes ()

Mono: successfully reloaded assembly
[Package Manager] Server::EnsureServerProcessIsRunning -- launch failed, reason: Unity was launched with the -noUpm command-line argument
[Package Manager] UpmClient::Send -- Unable to send message (not connected to UPM process).
[Package Manager] Cannot connect to Unity Package Manager local server
[Package Manager] Server::EnsureServerProcessIsRunning -- launch failed, reason: Unity was launched with the -noUpm command-line argument
[Package Manager] UpmClient::Send -- Unable to send message (not connected to UPM process).
[Package Manager] Cannot connect to Unity Package Manager local server
- Finished resetting the current domain, in  2.137 seconds
Domain Reload Profiling: 3195ms
	BeginReloadAssembly (222ms)
		ExecutionOrderSort (0ms)
		DisableScriptedObjects (7ms)
		BackupInstance (0ms)
		ReleaseScriptingObjects (0ms)
		CreateAndSetChildDomain (33ms)
	RebuildCommonClasses (47ms)
	RebuildNativeTypeToScriptingClass (17ms)
	initialDomainReloadingComplete (43ms)
	LoadAllAssembliesAndSetupDomain (728ms)
		LoadAssemblies (508ms)
		RebuildTransferFunctionScriptingTraits (0ms)
		AnalyzeDomain (349ms)
			TypeCache.Refresh (297ms)
				TypeCache.ScanAssembly (266ms)
			ScanForSourceGeneratedMonoScriptInfo (37ms)
			ResolveRequiredComponents (13ms)
	FinalizeReload (2138ms)
		ReleaseScriptCaches (0ms)
		RebuildScriptCaches (0ms)
		SetupLoadedEditorAssemblies (1858ms)
			LogAssemblyErrors (0ms)
			InitializePlatformSupportModulesInManaged (42ms)
			SetLoadedEditorAssemblies (5ms)
			RefreshPlugins (0ms)
			BeforeProcessingInitializeOnLoad (144ms)
			ProcessInitializeOnLoadAttributes (639ms)
			ProcessInitializeOnLoadMethodAttributes (1020ms)
			AfterProcessingInitializeOnLoad (9ms)
			EditorAssembliesLoaded (1ms)
		ExecutionOrderSort2 (0ms)
		AwakeInstancesAfterBackupRestoration (11ms)
Shader 'Oculus/OVRMRCameraFrameLit': fallback shader 'Alpha-Diffuse' not found
Launched and connected shader compiler UnityShaderCompiler.exe after 0.09 seconds
Refreshing native plugins compatible for Editor in 33.31 ms, found 14 plugins.
Preloading 1 native plugins for Editor in 0.16 ms.
Unloading 5245 Unused Serialized files (Serialized files now loaded: 0)
Unloading 230 unused Assets / (75.1 MB). Loaded Objects now: 5599.
Memory consumption went from 198.6 MB to 123.4 MB.
Total: 31.169300 ms (FindLiveObjects: 0.591400 ms CreateObjectMapping: 0.253100 ms MarkObjects: 29.079600 ms  DeleteObjects: 1.243700 ms)

AssetImportParameters requested are different than current active one (requested -> active):
  custom:container-demuxer-ogg: 62fdf1f143b41e24485cea50d1cbac27 -> 
  custom:video-codec-MediaFoundation-h265: 746d11721c4dcdbdad8f713fa42b33f4 -> 
  custom:video-decoder-ogg-theora: a1e56fd34408186e4bbccfd4996cb3dc -> 
  custom:framework-win-MediaFoundation: 216162199b28c13a410421893ffa2e32 -> 
  custom:container-demuxer-webm: 4f35f7cbe854078d1ac9338744f61a02 -> 
  custom:container-muxer-webm: aa71ff27fc2769a1b78a27578f13a17b -> 
  custom:video-decoder-webm-vp8: 9c59270c3fd7afecdb556c50c9e8de78 -> 
  custom:SearchIndexIgnoredProperties: e643bd26f0fe6173181afceb89e7c659 -> 
  custom:AudioImporter_EditorPlatform: d09bf68614088b80899f8185d706f6e7 -> 
  custom:video-encoder-webm-vp8: eb34c28f22e8b96e1ab97ce403110664 -> 
  custom:audio-decoder-ogg-vorbis: bf7c407c2cedff20999df2af8eb42d56 -> 
  custom:audio-encoder-webm-vorbis: bf7c407c2cedff20999df2af8eb42d56 -> 
========================================================================
Received Import Request.
  Time since last request: 9303.931683 seconds.
  path: Assets/XR/Resources
  artifactKey: Guid(6a032cc3895571746bf5876f32ec4887) Importer(815301076,1909f56bfc062723c751e8b465ee728b)
Start importing Assets/XR/Resources using Guid(6a032cc3895571746bf5876f32ec4887) Importer(815301076,1909f56bfc062723c751e8b465ee728b)  -> (artifact id: '2e31603f13543abe635cd71b3230108f') in 0.002751 seconds
Number of updated asset objects reloaded before import = 0
Number of asset objects unloaded after import = 0
========================================================================
Received Import Request.
  Time since last request: 0.000030 seconds.
  path: Assets/XR/Resources/XRSimulationRuntimeSettings.asset
  artifactKey: Guid(6972389e2e0426b4e88dcca45a0ffe46) Importer(815301076,1909f56bfc062723c751e8b465ee728b)
Start importing Assets/XR/Resources/XRSimulationRuntimeSettings.asset using Guid(6972389e2e0426b4e88dcca45a0ffe46) Importer(815301076,1909f56bfc062723c751e8b465ee728b)  -> (artifact id: 'f487b59f77dd1ee70a0a6c44d0e81bbe') in 0.033377 seconds
Number of updated asset objects reloaded before import = 0
Number of asset objects unloaded after import = 1
========================================================================
Received Import Request.
  Time since last request: 13.017999 seconds.
  path: Assets/Common/Icons/UWP/LargeTile.scale-125.png
  artifactKey: Guid(e2c21437fb4c76a45843bd3844beccd1) Importer(815301076,1909f56bfc062723c751e8b465ee728b)
Start importing Assets/Common/Icons/UWP/LargeTile.scale-125.png using Guid(e2c21437fb4c76a45843bd3844beccd1) Importer(815301076,1909f56bfc062723c751e8b465ee728b)  -> (artifact id: '3cfb8ed70e05a882594c6b7b79b01114') in 0.061079 seconds
Number of updated asset objects reloaded before import = 0
Number of asset objects unloaded after import = 2
========================================================================
Received Import Request.
  Time since last request: 0.000022 seconds.
  path: Assets/Common/Icons/UWP/SmallTile.scale-125.png
  artifactKey: Guid(74d8c75cf87c180459b9d7f0ba4ff263) Importer(815301076,1909f56bfc062723c751e8b465ee728b)
Start importing Assets/Common/Icons/UWP/SmallTile.scale-125.png using Guid(74d8c75cf87c180459b9d7f0ba4ff263) Importer(815301076,1909f56bfc062723c751e8b465ee728b)  -> (artifact id: '4014c26b59669ec3459ec747fb013738') in 0.032296 seconds
Number of updated asset objects reloaded before import = 0
Number of asset objects unloaded after import = 2
========================================================================
Received Import Request.
  Time since last request: 0.000022 seconds.
  path: Assets/Common/Icons/UWP/Square44x44Logo.scale-200.png
  artifactKey: Guid(4c41704d78ea087419cec275d1d97a5d) Importer(815301076,1909f56bfc062723c751e8b465ee728b)
Start importing Assets/Common/Icons/UWP/Square44x44Logo.scale-200.png using Guid(4c41704d78ea087419cec275d1d97a5d) Importer(815301076,1909f56bfc062723c751e8b465ee728b)  -> (artifact id: '1b08fa7fc7248643b495db0b3670059b') in 0.061212 seconds
Number of updated asset objects reloaded before import = 0
Number of asset objects unloaded after import = 2
========================================================================
Received Import Request.
  Time since last request: 0.000023 seconds.
  path: Assets/Common/Icons/UWP/SplashScreen.scale-100.png
  artifactKey: Guid(de5a9ac105040ee4c8837f65201981bf) Importer(815301076,1909f56bfc062723c751e8b465ee728b)
Start importing Assets/Common/Icons/UWP/SplashScreen.scale-100.png using Guid(de5a9ac105040ee4c8837f65201981bf) Importer(815301076,1909f56bfc062723c751e8b465ee728b)  -> (artifact id: '86580820d265621672c6aad784ac1626') in 0.089980 seconds
Number of updated asset objects reloaded before import = 0
Number of asset objects unloaded after import = 3
========================================================================
Received Import Request.
  Time since last request: 0.000027 seconds.
  path: Assets/Common/Icons/UWP/Square44x44Logo.targetsize-16_altform-unplated.png
  artifactKey: Guid(b46dbb2062326e14a94aebdd2046677b) Importer(815301076,1909f56bfc062723c751e8b465ee728b)
Start importing Assets/Common/Icons/UWP/Square44x44Logo.targetsize-16_altform-unplated.png using Guid(b46dbb2062326e14a94aebdd2046677b) Importer(815301076,1909f56bfc062723c751e8b465ee728b)  -> (artifact id: '746e016e007f44d8381ee2bdaedb92b5') in 0.042667 seconds
Number of updated asset objects reloaded before import = 0
Number of asset objects unloaded after import = 2
========================================================================
Received Import Request.
  Time since last request: 0.000034 seconds.
  path: Assets/Common/Icons/UWP/LargeTile.scale-400.png
  artifactKey: Guid(6400f3e497c2f9b4ab56e9855ba71c97) Importer(815301076,1909f56bfc062723c751e8b465ee728b)
Start importing Assets/Common/Icons/UWP/LargeTile.scale-400.png using Guid(6400f3e497c2f9b4ab56e9855ba71c97) Importer(815301076,1909f56bfc062723c751e8b465ee728b)  -> (artifact id: '25dbc4c6b2ee5dfe097a0b26f68d2656') in 0.068427 seconds
Number of updated asset objects reloaded before import = 0
Number of asset objects unloaded after import = 2
========================================================================
Received Import Request.
  Time since last request: 0.000020 seconds.
  path: Assets/Common/Icons/UWP/SplashScreen.scale-125.png
  artifactKey: Guid(1f3678bd16e407946824f7f20e6e513d) Importer(815301076,1909f56bfc062723c751e8b465ee728b)
Start importing Assets/Common/Icons/UWP/SplashScreen.scale-125.png using Guid(1f3678bd16e407946824f7f20e6e513d) Importer(815301076,1909f56bfc062723c751e8b465ee728b)  -> (artifact id: '256c2249bab5a4609de752955191af36') in 0.043060 seconds
Number of updated asset objects reloaded before import = 0
Number of asset objects unloaded after import = 3
========================================================================
Received Import Request.
  Time since last request: 0.000023 seconds.
  path: Assets/Common/Icons/UWP/Square150x150Logo.scale-150.png
  artifactKey: Guid(7d5e86f5a250c9341a346f980ee1a48d) Importer(815301076,1909f56bfc062723c751e8b465ee728b)
Start importing Assets/Common/Icons/UWP/Square150x150Logo.scale-150.png using Guid(7d5e86f5a250c9341a346f980ee1a48d) Importer(815301076,1909f56bfc062723c751e8b465ee728b)  -> (artifact id: 'a59565118fe47583aa15ef8a90de9d74') in 0.067318 seconds
Number of updated asset objects reloaded before import = 0
Number of asset objects unloaded after import = 2
========================================================================
Received Import Request.
  Time since last request: 0.000024 seconds.
  path: Assets/Common/Icons/UWP/Square44x44Logo.targetsize-256_altform-unplated.png
  artifactKey: Guid(27bfa139300791e4aa9cdd8d234ff34c) Importer(815301076,1909f56bfc062723c751e8b465ee728b)
Start importing Assets/Common/Icons/UWP/Square44x44Logo.targetsize-256_altform-unplated.png using Guid(27bfa139300791e4aa9cdd8d234ff34c) Importer(815301076,1909f56bfc062723c751e8b465ee728b)  -> (artifact id: '91cc4ba635a051a4e12f07598c681291') in 0.059834 seconds
Number of updated asset objects reloaded before import = 0
Number of asset objects unloaded after import = 2
========================================================================
Received Import Request.
  Time since last request: 0.000029 seconds.
  path: Assets/Common/Icons/UWP/SplashScreen.scale-150.png
  artifactKey: Guid(2ea158708e7a21e4ead741823fd0f8ca) Importer(815301076,1909f56bfc062723c751e8b465ee728b)
Start importing Assets/Common/Icons/UWP/SplashScreen.scale-150.png using Guid(2ea158708e7a21e4ead741823fd0f8ca) Importer(815301076,1909f56bfc062723c751e8b465ee728b)  -> (artifact id: '471418c60e7da7e593a50f8880c5b1a6') in 0.029949 seconds
Number of updated asset objects reloaded before import = 0
Number of asset objects unloaded after import = 3
========================================================================
Received Import Request.
  Time since last request: 0.000037 seconds.
  path: Assets/Common/Icons/UWP/Square44x44Logo.scale-100.png
  artifactKey: Guid(05c52f9c5a216444c868677a0e02efb2) Importer(815301076,1909f56bfc062723c751e8b465ee728b)
Start importing Assets/Common/Icons/UWP/Square44x44Logo.scale-100.png using Guid(05c52f9c5a216444c868677a0e02efb2) Importer(815301076,1909f56bfc062723c751e8b465ee728b)  -> (artifact id: '20529fb4fdc02c0525a61c3ab42c62cd') in 0.025308 seconds
Number of updated asset objects reloaded before import = 0
Number of asset objects unloaded after import = 2
========================================================================
Received Import Request.
  Time since last request: 0.000023 seconds.
  path: Assets/Common/Icons/UWP/Square150x150Logo.scale-125.png
  artifactKey: Guid(ab4a3d6b552794745ad6d98f0f0c0033) Importer(815301076,1909f56bfc062723c751e8b465ee728b)
Start importing Assets/Common/Icons/UWP/Square150x150Logo.scale-125.png using Guid(ab4a3d6b552794745ad6d98f0f0c0033) Importer(815301076,1909f56bfc062723c751e8b465ee728b)  -> (artifact id: '5dd3c64083c9cbcf5fe0e209eb1aeb8e') in 0.039480 seconds
Number of updated asset objects reloaded before import = 0
Number of asset objects unloaded after import = 2
========================================================================
Received Import Request.
  Time since last request: 0.000025 seconds.
  path: Assets/Common/Icons/UWP/Square44x44Logo.targetsize-32.png
  artifactKey: Guid(1e5b140256bfa3f4cb79cb0a883bda91) Importer(815301076,1909f56bfc062723c751e8b465ee728b)
Start importing Assets/Common/Icons/UWP/Square44x44Logo.targetsize-32.png using Guid(1e5b140256bfa3f4cb79cb0a883bda91) Importer(815301076,1909f56bfc062723c751e8b465ee728b)  -> (artifact id: '3a4201689f537f426974dcefa15dff6e') in 0.040105 seconds
Number of updated asset objects reloaded before import = 0
Number of asset objects unloaded after import = 2
========================================================================
Received Import Request.
  Time since last request: 0.000024 seconds.
  path: Assets/Common/Icons/UWP/SplashScreen.scale-200.png
  artifactKey: Guid(8e614c22e974d9f429f920990d61ef52) Importer(815301076,1909f56bfc062723c751e8b465ee728b)
Start importing Assets/Common/Icons/UWP/SplashScreen.scale-200.png using Guid(8e614c22e974d9f429f920990d61ef52) Importer(815301076,1909f56bfc062723c751e8b465ee728b)  -> (artifact id: '3f3016627d2d3b9640c93f7cbd9e5cf1') in 0.065708 seconds
Number of updated asset objects reloaded before import = 0
Number of asset objects unloaded after import = 3
========================================================================
Received Import Request.
  Time since last request: 0.000021 seconds.
  path: Assets/Common/Icons/UWP/Square150x150Logo.scale-100.png
  artifactKey: Guid(7eca3d19b080dd544a88b979ec2afe03) Importer(815301076,1909f56bfc062723c751e8b465ee728b)
Start importing Assets/Common/Icons/UWP/Square150x150Logo.scale-100.png using Guid(7eca3d19b080dd544a88b979ec2afe03) Importer(815301076,1909f56bfc062723c751e8b465ee728b)  -> (artifact id: '65731e02b487d5adb4d58cd0e381a38c') in 0.060307 seconds
Number of updated asset objects reloaded before import = 0
Number of asset objects unloaded after import = 2
Editor requested this worker to shutdown with reason: Scaling down because of idle timeout
TcpMessagingSession - receive error: operation aborted. errorcode: 995, details: The I/O operation has been aborted because of either a thread exit or an application request.
AssetImportWorker is now disconnected from the server
Process exiting
Exiting without the bug reporter. Application will terminate with return code 0